18:34:14 **** Incremental Build of configuration Debug for project UART_WIFI_ESP8266 ****
make -j8 all 
arm-none-eabi-gcc "../Core/Src/main.c" -mcpu=cortex-m3 -std=gnu11 -g3 -DDEBUG -DUSE_HAL_DRIVER -DSTM32F103xB -c -I../Core/Inc -I../Drivers/STM32F1xx_HAL_Driver/Inc/Legacy -I../Drivers/STM32F1xx_HAL_Driver/Inc -I../Drivers/CMSIS/Device/ST/STM32F1xx/Include -I../Drivers/CMSIS/Include -O0 -ffunction-sections -fdata-sections -Wall -fstack-usage -MMD -MP -MF"Core/Src/main.d" -MT"Core/Src/main.o" --specs=nano.specs -mfloat-abi=soft -mthumb -o "Core/Src/main.o"
arm-none-eabi-gcc -o "UART_WIFI_ESP8266.elf" @"objects.list"   -mcpu=cortex-m3 -T"D:\github\mc\stm32\UART_WIFI_ESP8266\UART_WIFI_ESP8266\STM32F103C8TX_FLASH.ld" --specs=nosys.specs -Wl,-Map="UART_WIFI_ESP8266.map" -Wl,--gc-sections -static --specs=nano.specs -mfloat-abi=soft -mthumb -Wl,--start-group -lc -lm -Wl,--end-group
c:\st\stm32cubeide_1.9.0\stm32cubeide\plugins\com.st.stm32cube.ide.mcu.externaltools.gnu-tools-for-stm32.10.3-2021.10.win32_1.0.0.202111181127\tools\arm-none-eabi\bin\ld.exe: ./Core/Src/main.o:D:/github/mc/stm32/UART_WIFI_ESP8266/UART_WIFI_ESP8266/Debug/../Core/Src/main.c:42: multiple definition of `huart1'; ./Core/Src/UartRingbuffer.o:D:/github/mc/stm32/UART_WIFI_ESP8266/UART_WIFI_ESP8266/Debug/../Core/Src/UartRingbuffer.c:15: first defined here
collect2.exe: error: ld returned 1 exit status
make: *** [makefile:64: UART_WIFI_ESP8266.elf] Error 1
"make -j8 all" terminated with exit code 2. Build might be incomplete.

18:34:15 Build Failed. 2 errors, 0 warnings. (took 627ms)

